<?xml version="1.0" encoding="UTF-8"?>
<!-- Generated by org.testng.reporters.JUnitReportReporter -->
<testsuite hostname="SL-1352" name="com.DemoTest.Tests.WebDemoTest" tests="37" failures="0" timestamp="1 Mar 2021 15:21:38 GMT" time="1689.316" errors="1">
  <testcase name="LoginPerfGlitchUser" time="25.559" classname="com.DemoTest.Tests.WebDemoTest"/>
  <testcase name="LoginPerfGlitchUser" time="77.690" classname="com.DemoTest.Tests.WebDemoTest"/>
  <testcase name="LoginProblemUser" time="69.991" classname="com.DemoTest.Tests.WebDemoTest"/>
  <testcase name="Login" time="26.200" classname="com.DemoTest.Tests.WebDemoTest"/>
  <testcase name="LoginProblemUser" time="23.285" classname="com.DemoTest.Tests.WebDemoTest"/>
  <testcase name="LoginPerfGlitchUser" time="70.861" classname="com.DemoTest.Tests.WebDemoTest"/>
  <testcase name="LoginProblemUser" time="76.307" classname="com.DemoTest.Tests.WebDemoTest"/>
  <testcase name="LoginPerfGlitchUser" time="27.266" classname="com.DemoTest.Tests.WebDemoTest"/>
  <testcase name="Login" time="80.414" classname="com.DemoTest.Tests.WebDemoTest"/>
  <testcase name="Login" time="73.471" classname="com.DemoTest.Tests.WebDemoTest"/>
  <testcase name="LoginPerfGlitchUser" time="30.384" classname="com.DemoTest.Tests.WebDemoTest"/>
  <testcase name="LoginLockedoutUser" time="25.303" classname="com.DemoTest.Tests.WebDemoTest"/>
  <testcase name="LoginLockedoutUser" time="20.784" classname="com.DemoTest.Tests.WebDemoTest"/>
  <testcase name="LoginLockedoutUser" time="37.127" classname="com.DemoTest.Tests.WebDemoTest"/>
  <testcase name="LoginPerfGlitchUser" time="71.732" classname="com.DemoTest.Tests.WebDemoTest"/>
  <testcase name="LoginProblemUser" time="67.679" classname="com.DemoTest.Tests.WebDemoTest"/>
  <testcase name="LoginProblemUser" time="70.282" classname="com.DemoTest.Tests.WebDemoTest"/>
  <testcase name="LoginPerfGlitchUser" time="27.511" classname="com.DemoTest.Tests.WebDemoTest"/>
  <testcase name="Login" time="28.025" classname="com.DemoTest.Tests.WebDemoTest"/>
  <testcase name="LoginLockedoutUser" time="21.634" classname="com.DemoTest.Tests.WebDemoTest"/>
  <testcase name="LoginLockedoutUser" time="34.556" classname="com.DemoTest.Tests.WebDemoTest"/>
  <testcase name="Login" time="24.706" classname="com.DemoTest.Tests.WebDemoTest"/>
  <testcase name="LoginProblemUser" time="70.198" classname="com.DemoTest.Tests.WebDemoTest"/>
  <testcase name="Login" time="73.539" classname="com.DemoTest.Tests.WebDemoTest"/>
  <testcase name="LoginLockedoutUser" time="38.484" classname="com.DemoTest.Tests.WebDemoTest"/>
  <testcase name="LoginLockedoutUser" time="36.313" classname="com.DemoTest.Tests.WebDemoTest"/>
  <testcase name="LoginProblemUser" time="24.157" classname="com.DemoTest.Tests.WebDemoTest"/>
  <testcase name="Login" time="26.775" classname="com.DemoTest.Tests.WebDemoTest"/>
  <testcase name="LoginLockedoutUser" time="23.638" classname="com.DemoTest.Tests.WebDemoTest"/>
  <testcase name="Login" time="75.006" classname="com.DemoTest.Tests.WebDemoTest"/>
  <testcase name="LoginLockedoutUser" time="33.419" classname="com.DemoTest.Tests.WebDemoTest"/>
  <testcase name="Login" time="79.624" classname="com.DemoTest.Tests.WebDemoTest"/>
  <testcase name="LoginProblemUser" time="23.331" classname="com.DemoTest.Tests.WebDemoTest"/>
  <testcase name="LoginPerfGlitchUser" time="72.400" classname="com.DemoTest.Tests.WebDemoTest"/>
  <testcase name="LoginPerfGlitchUser" time="79.468" classname="com.DemoTest.Tests.WebDemoTest"/>
  <testcase name="LoginProblemUser" time="22.197" classname="com.DemoTest.Tests.WebDemoTest"/>
  <testcase name="LoginLinux" time="0.000" classname="com.DemoTest.Tests.WebDemoTest">
    <error type="org.testng.TestNGException" message="
Method public void com.DemoTest.Tests.WebDemoTest.LoginLinux(java.lang.String,java.lang.String,java.lang.String,java.lang.reflect.Method) throws java.net.MalformedURLException,org.openqa.selenium.InvalidElementStateException,java.rmi.UnexpectedException requires a @DataProvider named : hardCodedBrowserslinux">
      <![CDATA[org.testng.TestNGException: 
Method public void com.DemoTest.Tests.WebDemoTest.LoginLinux(java.lang.String,java.lang.String,java.lang.String,java.lang.reflect.Method) throws java.net.MalformedURLException,org.openqa.selenium.InvalidElementStateException,java.rmi.UnexpectedException requires a @DataProvider named : hardCodedBrowserslinux
	at org.testng.internal.Parameters.findDataProvider(Parameters.java:263)
	at org.testng.internal.Parameters.handleParameters(Parameters.java:419)
	at org.testng.internal.Invoker.handleParameters(Invoker.java:1274)
	at org.testng.internal.Invoker.createParameters(Invoker.java:989)
	at org.testng.internal.Invoker.invokeTestMethods(Invoker.java:1079)
	at org.testng.internal.TestMethodWorker.invokeTestMethods(TestMethodWorker.java:129)
	at org.testng.internal.TestMethodWorker.run(TestMethodWorker.java:112)
	at org.testng.TestRunner.privateRun(TestRunner.java:782)
	at org.testng.TestRunner.run(TestRunner.java:632)
	at org.testng.SuiteRunner.runTest(SuiteRunner.java:366)
	at org.testng.SuiteRunner.runSequentially(SuiteRunner.java:361)
	at org.testng.SuiteRunner.privateRun(SuiteRunner.java:319)
	at org.testng.SuiteRunner.run(SuiteRunner.java:268)
	at org.testng.SuiteRunnerWorker.runSuite(SuiteRunnerWorker.java:52)
	at org.testng.SuiteRunnerWorker.run(SuiteRunnerWorker.java:86)
	at org.testng.TestNG.runSuitesSequentially(TestNG.java:1244)
	at org.testng.TestNG.runSuitesLocally(TestNG.java:1169)
	at org.testng.TestNG.run(TestNG.java:1064)
	at org.apache.maven.surefire.testng.TestNGExecutor.run(TestNGExecutor.java:77)
	at org.apache.maven.surefire.testng.TestNGDirectoryTestSuite.executeMulti(TestNGDirectoryTestSuite.java:159)
	at org.apache.maven.surefire.testng.TestNGDirectoryTestSuite.execute(TestNGDirectoryTestSuite.java:99)
	at org.apache.maven.surefire.testng.TestNGProvider.invoke(TestNGProvider.java:106)
	at sun.reflect.NativeMethodAccessorImpl.invoke0(Native Method)
	at sun.reflect.NativeMethodAccessorImpl.invoke(NativeMethodAccessorImpl.java:62)
	at sun.reflect.DelegatingMethodAccessorImpl.invoke(DelegatingMethodAccessorImpl.java:43)
	at java.lang.reflect.Method.invoke(Method.java:498)
	at org.apache.maven.surefire.util.ReflectionUtils.invokeMethodWithArray(ReflectionUtils.java:189)
	at org.apache.maven.surefire.booter.ProviderFactory$ProviderProxy.invoke(ProviderFactory.java:165)
	at org.apache.maven.surefire.booter.ProviderFactory.invokeProvider(ProviderFactory.java:85)
	at org.apache.maven.surefire.booter.ForkedBooter.runSuitesInProcess(ForkedBooter.java:115)
	at org.apache.maven.surefire.booter.ForkedBooter.main(ForkedBooter.java:75)
]]>
    </error>
  </testcase> <!-- LoginLinux -->
</testsuite> <!-- com.DemoTest.Tests.WebDemoTest -->
